{"/Users/nazimmammadov/WebstormProjects/blog-post/_tests_/e2e/test-functions.ts": {"path":"/Users/nazimmammadov/WebstormProjects/blog-post/_tests_/e2e/test-functions.ts","statementMap":{"0":{"start":{"line":1,"column":0},"end":{"line":1,"column":32}},"1":{"start":{"line":2,"column":0},"end":{"line":2,"column":30}},"2":{"start":{"line":4,"column":0},"end":{"line":4,"column":49}},"3":{"start":{"line":6,"column":13},"end":{"line":63,"column":null}},"4":{"start":{"line":10,"column":8},"end":{"line":20,"column":null}},"5":{"start":{"line":25,"column":8},"end":{"line":32,"column":null}},"6":{"start":{"line":38,"column":8},"end":{"line":46,"column":null}},"7":{"start":{"line":51,"column":8},"end":{"line":59,"column":null}}},"fnMap":{"0":{"name":"(anonymous_8)","decl":{"start":{"line":8,"column":10},"end":{"line":8,"column":16}},"loc":{"start":{"line":8,"column":16},"end":{"line":21,"column":null}}},"1":{"name":"(anonymous_10)","decl":{"start":{"line":23,"column":10},"end":{"line":23,"column":21}},"loc":{"start":{"line":23,"column":21},"end":{"line":35,"column":null}}},"2":{"name":"(anonymous_12)","decl":{"start":{"line":37,"column":10},"end":{"line":37,"column":20}},"loc":{"start":{"line":37,"column":20},"end":{"line":48,"column":null}}},"3":{"name":"(anonymous_14)","decl":{"start":{"line":50,"column":10},"end":{"line":50,"column":24}},"loc":{"start":{"line":50,"column":24},"end":{"line":60,"column":null}}}},"branchMap":{},"s":{"0":1,"1":1,"2":1,"3":1,"4":11,"5":0,"6":0,"7":0},"f":{"0":11,"1":0,"2":0,"3":0},"b":{}}
,"/Users/nazimmammadov/WebstormProjects/blog-post/src/index.ts": {"path":"/Users/nazimmammadov/WebstormProjects/blog-post/src/index.ts","statementMap":{"0":{"start":{"line":1,"column":0},"end":{"line":1,"column":30}},"1":{"start":{"line":2,"column":0},"end":{"line":2,"column":48}},"2":{"start":{"line":3,"column":0},"end":{"line":3,"column":48}},"3":{"start":{"line":4,"column":0},"end":{"line":4,"column":31}},"4":{"start":{"line":5,"column":0},"end":{"line":5,"column":51}},"5":{"start":{"line":6,"column":0},"end":{"line":6,"column":48}},"6":{"start":{"line":7,"column":0},"end":{"line":7,"column":48}},"7":{"start":{"line":9,"column":13},"end":{"line":9,"column":null}},"8":{"start":{"line":14,"column":0},"end":{"line":14,"column":24}},"9":{"start":{"line":16,"column":13},"end":{"line":16,"column":37}},"10":{"start":{"line":18,"column":0},"end":{"line":18,"column":30}},"11":{"start":{"line":19,"column":0},"end":{"line":19,"column":30}},"12":{"start":{"line":20,"column":0},"end":{"line":20,"column":null}},"13":{"start":{"line":21,"column":0},"end":{"line":21,"column":null}},"14":{"start":{"line":22,"column":0},"end":{"line":22,"column":null}},"15":{"start":{"line":26,"column":17},"end":{"line":33,"column":null}},"16":{"start":{"line":26,"column":27},"end":{"line":33,"column":null}},"17":{"start":{"line":28,"column":4},"end":{"line":28,"column":null}},"18":{"start":{"line":30,"column":4},"end":{"line":32,"column":null}},"19":{"start":{"line":31,"column":8},"end":{"line":31,"column":null}},"20":{"start":{"line":35,"column":0},"end":{"line":35,"column":null}}},"fnMap":{"0":{"name":"(anonymous_8)","decl":{"start":{"line":26,"column":17},"end":{"line":26,"column":25}},"loc":{"start":{"line":26,"column":27},"end":{"line":33,"column":null}}},"1":{"name":"(anonymous_9)","decl":{"start":{"line":26,"column":27},"end":{"line":26,"column":null}},"loc":{"start":{"line":26,"column":27},"end":{"line":33,"column":1}}},"2":{"name":"(anonymous_10)","decl":{"start":{"line":30,"column":21},"end":{"line":30,"column":24}},"loc":{"start":{"line":30,"column":26},"end":{"line":32,"column":5}}}},"branchMap":{"0":{"loc":{"start":{"line":16,"column":13},"end":{"line":16,"column":37}},"type":"binary-expr","locations":[{"start":{"line":16,"column":13},"end":{"line":16,"column":29}},{"start":{"line":16,"column":33},"end":{"line":16,"column":37}}]}},"s":{"0":1,"1":1,"2":1,"3":1,"4":1,"5":1,"6":1,"7":1,"8":1,"9":1,"10":1,"11":1,"12":1,"13":1,"14":1,"15":1,"16":1,"17":1,"18":1,"19":1,"20":1},"f":{"0":1,"1":1,"2":1},"b":{"0":[1,1]}}
,"/Users/nazimmammadov/WebstormProjects/blog-post/src/db/db.ts": {"path":"/Users/nazimmammadov/WebstormProjects/blog-post/src/db/db.ts","statementMap":{"0":{"start":{"line":1,"column":0},"end":{"line":1,"column":35}},"1":{"start":{"line":4,"column":0},"end":{"line":4,"column":35}},"2":{"start":{"line":6,"column":0},"end":{"line":6,"column":32}},"3":{"start":{"line":8,"column":0},"end":{"line":8,"column":null}},"4":{"start":{"line":10,"column":12},"end":{"line":10,"column":33}},"5":{"start":{"line":12,"column":0},"end":{"line":14,"column":null}},"6":{"start":{"line":13,"column":4},"end":{"line":13,"column":null}},"7":{"start":{"line":15,"column":13},"end":{"line":15,"column":null}},"8":{"start":{"line":17,"column":11},"end":{"line":17,"column":32}},"9":{"start":{"line":19,"column":13},"end":{"line":19,"column":null}},"10":{"start":{"line":20,"column":13},"end":{"line":20,"column":null}},"11":{"start":{"line":21,"column":13},"end":{"line":21,"column":null}},"12":{"start":{"line":25,"column":4},"end":{"line":33,"column":null}},"13":{"start":{"line":26,"column":8},"end":{"line":26,"column":null}},"14":{"start":{"line":27,"column":8},"end":{"line":27,"column":null}},"15":{"start":{"line":28,"column":8},"end":{"line":28,"column":null}},"16":{"start":{"line":31,"column":8},"end":{"line":31,"column":null}},"17":{"start":{"line":32,"column":8},"end":{"line":32,"column":null}},"18":{"start":{"line":23,"column":0},"end":{"line":23,"column":22}}},"fnMap":{"0":{"name":"runDb","decl":{"start":{"line":23,"column":22},"end":{"line":23,"column":27}},"loc":{"start":{"line":23,"column":27},"end":{"line":34,"column":null}}}},"branchMap":{"0":{"loc":{"start":{"line":12,"column":0},"end":{"line":14,"column":null}},"type":"if","locations":[{"start":{"line":12,"column":0},"end":{"line":14,"column":null}}]}},"s":{"0":1,"1":1,"2":1,"3":1,"4":1,"5":1,"6":0,"7":1,"8":1,"9":1,"10":1,"11":1,"12":1,"13":1,"14":1,"15":1,"16":0,"17":0,"18":1},"f":{"0":1},"b":{"0":[0]}}
,"/Users/nazimmammadov/WebstormProjects/blog-post/src/domain/blog-service.ts": {"path":"/Users/nazimmammadov/WebstormProjects/blog-post/src/domain/blog-service.ts","statementMap":{"0":{"start":{"line":2,"column":0},"end":{"line":2,"column":33}},"1":{"start":{"line":5,"column":0},"end":{"line":5,"column":69}},"2":{"start":{"line":10,"column":13},"end":{"line":62,"column":null}},"3":{"start":{"line":14,"column":37},"end":{"line":23,"column":null}},"4":{"start":{"line":25,"column":23},"end":{"line":25,"column":63}},"5":{"start":{"line":28,"column":8},"end":{"line":28,"column":null}},"6":{"start":{"line":37,"column":24},"end":{"line":37,"column":54}},"7":{"start":{"line":39,"column":8},"end":{"line":39,"column":null}},"8":{"start":{"line":44,"column":26},"end":{"line":44,"column":62}},"9":{"start":{"line":45,"column":8},"end":{"line":45,"column":null}},"10":{"start":{"line":50,"column":23},"end":{"line":50,"column":86}},"11":{"start":{"line":51,"column":8},"end":{"line":51,"column":null}},"12":{"start":{"line":56,"column":23},"end":{"line":56,"column":62}},"13":{"start":{"line":58,"column":8},"end":{"line":58,"column":null}}},"fnMap":{"0":{"name":"(anonymous_7)","decl":{"start":{"line":12,"column":10},"end":{"line":12,"column":20}},"loc":{"start":{"line":12,"column":74},"end":{"line":30,"column":null}}},"1":{"name":"(anonymous_9)","decl":{"start":{"line":35,"column":10},"end":{"line":35,"column":17}},"loc":{"start":{"line":35,"column":17},"end":{"line":40,"column":null}}},"2":{"name":"(anonymous_11)","decl":{"start":{"line":42,"column":10},"end":{"line":42,"column":21}},"loc":{"start":{"line":42,"column":32},"end":{"line":47,"column":null}}},"3":{"name":"(anonymous_13)","decl":{"start":{"line":49,"column":10},"end":{"line":49,"column":20}},"loc":{"start":{"line":49,"column":86},"end":{"line":53,"column":null}}},"4":{"name":"(anonymous_15)","decl":{"start":{"line":55,"column":10},"end":{"line":55,"column":24}},"loc":{"start":{"line":55,"column":35},"end":{"line":59,"column":null}}}},"branchMap":{},"s":{"0":1,"1":1,"2":1,"3":1,"4":1,"5":1,"6":0,"7":0,"8":0,"9":0,"10":2,"11":2,"12":0,"13":0},"f":{"0":1,"1":0,"2":0,"3":2,"4":0},"b":{}}
,"/Users/nazimmammadov/WebstormProjects/blog-post/src/domain/posts-service.ts": {"path":"/Users/nazimmammadov/WebstormProjects/blog-post/src/domain/posts-service.ts","statementMap":{"0":{"start":{"line":1,"column":0},"end":{"line":1,"column":33}},"1":{"start":{"line":4,"column":0},"end":{"line":4,"column":69}},"2":{"start":{"line":5,"column":0},"end":{"line":5,"column":69}},"3":{"start":{"line":10,"column":13},"end":{"line":83,"column":null}},"4":{"start":{"line":14,"column":21},"end":{"line":14,"column":61}},"5":{"start":{"line":15,"column":8},"end":{"line":15,"column":null}},"6":{"start":{"line":15,"column":19},"end":{"line":15,"column":null}},"7":{"start":{"line":17,"column":36},"end":{"line":26,"column":null}},"8":{"start":{"line":28,"column":24},"end":{"line":28,"column":64}},"9":{"start":{"line":30,"column":8},"end":{"line":30,"column":null}},"10":{"start":{"line":36,"column":25},"end":{"line":36,"column":65}},"11":{"start":{"line":38,"column":8},"end":{"line":38,"column":null}},"12":{"start":{"line":38,"column":22},"end":{"line":38,"column":null}},"13":{"start":{"line":40,"column":47},"end":{"line":49,"column":null}},"14":{"start":{"line":51,"column":23},"end":{"line":51,"column":80}},"15":{"start":{"line":53,"column":8},"end":{"line":53,"column":null}},"16":{"start":{"line":58,"column":25},"end":{"line":58,"column":55}},"17":{"start":{"line":59,"column":8},"end":{"line":59,"column":null}},"18":{"start":{"line":63,"column":25},"end":{"line":63,"column":61}},"19":{"start":{"line":64,"column":8},"end":{"line":64,"column":null}},"20":{"start":{"line":70,"column":23},"end":{"line":70,"column":96}},"21":{"start":{"line":73,"column":8},"end":{"line":73,"column":null}},"22":{"start":{"line":77,"column":23},"end":{"line":77,"column":56}},"23":{"start":{"line":78,"column":8},"end":{"line":78,"column":null}}},"fnMap":{"0":{"name":"(anonymous_7)","decl":{"start":{"line":12,"column":10},"end":{"line":12,"column":20}},"loc":{"start":{"line":12,"column":91},"end":{"line":32,"column":null}}},"1":{"name":"(anonymous_9)","decl":{"start":{"line":34,"column":10},"end":{"line":34,"column":27}},"loc":{"start":{"line":34,"column":100},"end":{"line":55,"column":null}}},"2":{"name":"(anonymous_11)","decl":{"start":{"line":57,"column":10},"end":{"line":57,"column":17}},"loc":{"start":{"line":57,"column":17},"end":{"line":60,"column":null}}},"3":{"name":"(anonymous_13)","decl":{"start":{"line":62,"column":10},"end":{"line":62,"column":21}},"loc":{"start":{"line":62,"column":33},"end":{"line":65,"column":null}}},"4":{"name":"(anonymous_15)","decl":{"start":{"line":68,"column":10},"end":{"line":68,"column":20}},"loc":{"start":{"line":68,"column":101},"end":{"line":74,"column":null}}},"5":{"name":"(anonymous_17)","decl":{"start":{"line":76,"column":10},"end":{"line":76,"column":24}},"loc":{"start":{"line":76,"column":34},"end":{"line":80,"column":null}}}},"branchMap":{"0":{"loc":{"start":{"line":15,"column":8},"end":{"line":15,"column":null}},"type":"if","locations":[{"start":{"line":15,"column":8},"end":{"line":15,"column":null}}]},"1":{"loc":{"start":{"line":38,"column":8},"end":{"line":38,"column":null}},"type":"if","locations":[{"start":{"line":38,"column":8},"end":{"line":38,"column":null}}]}},"s":{"0":1,"1":1,"2":1,"3":1,"4":0,"5":0,"6":0,"7":0,"8":0,"9":0,"10":0,"11":0,"12":0,"13":0,"14":0,"15":0,"16":0,"17":0,"18":0,"19":0,"20":0,"21":0,"22":0,"23":0},"f":{"0":0,"1":0,"2":0,"3":0,"4":0,"5":0},"b":{"0":[0],"1":[0]}}
,"/Users/nazimmammadov/WebstormProjects/blog-post/src/domain/user-service.ts": {"path":"/Users/nazimmammadov/WebstormProjects/blog-post/src/domain/user-service.ts","statementMap":{"0":{"start":{"line":1,"column":0},"end":{"line":1,"column":65}},"1":{"start":{"line":2,"column":0},"end":{"line":2,"column":33}},"2":{"start":{"line":3,"column":0},"end":{"line":3,"column":28}},"3":{"start":{"line":8,"column":13},"end":{"line":55,"column":null}},"4":{"start":{"line":12,"column":29},"end":{"line":12,"column":53}},"5":{"start":{"line":13,"column":30},"end":{"line":13,"column":77}},"6":{"start":{"line":15,"column":24},"end":{"line":23,"column":null}},"7":{"start":{"line":25,"column":8},"end":{"line":25,"column":null}},"8":{"start":{"line":30,"column":21},"end":{"line":30,"column":62}},"9":{"start":{"line":32,"column":8},"end":{"line":32,"column":null}},"10":{"start":{"line":36,"column":8},"end":{"line":36,"column":null}},"11":{"start":{"line":41,"column":21},"end":{"line":41,"column":72}},"12":{"start":{"line":43,"column":8},"end":{"line":43,"column":null}},"13":{"start":{"line":43,"column":19},"end":{"line":43,"column":null}},"14":{"start":{"line":44,"column":33},"end":{"line":44,"column":50}},"15":{"start":{"line":46,"column":33},"end":{"line":46,"column":81}},"16":{"start":{"line":48,"column":12},"end":{"line":51,"column":null}},"17":{"start":{"line":50,"column":16},"end":{"line":50,"column":null}},"18":{"start":{"line":52,"column":12},"end":{"line":52,"column":null}}},"fnMap":{"0":{"name":"(anonymous_8)","decl":{"start":{"line":10,"column":10},"end":{"line":10,"column":23}},"loc":{"start":{"line":10,"column":66},"end":{"line":27,"column":null}}},"1":{"name":"(anonymous_10)","decl":{"start":{"line":28,"column":10},"end":{"line":28,"column":23}},"loc":{"start":{"line":28,"column":59},"end":{"line":33,"column":null}}},"2":{"name":"(anonymous_12)","decl":{"start":{"line":35,"column":10},"end":{"line":35,"column":20}},"loc":{"start":{"line":35,"column":30},"end":{"line":37,"column":null}}},"3":{"name":"(anonymous_14)","decl":{"start":{"line":39,"column":10},"end":{"line":39,"column":26}},"loc":{"start":{"line":39,"column":62},"end":{"line":54,"column":null}}}},"branchMap":{"0":{"loc":{"start":{"line":43,"column":8},"end":{"line":43,"column":null}},"type":"if","locations":[{"start":{"line":43,"column":8},"end":{"line":43,"column":null}}]},"1":{"loc":{"start":{"line":48,"column":12},"end":{"line":51,"column":null}},"type":"if","locations":[{"start":{"line":48,"column":12},"end":{"line":51,"column":null}}]}},"s":{"0":1,"1":1,"2":1,"3":1,"4":0,"5":0,"6":0,"7":0,"8":0,"9":0,"10":0,"11":0,"12":0,"13":0,"14":0,"15":0,"16":0,"17":0,"18":0},"f":{"0":0,"1":0,"2":0,"3":0},"b":{"0":[0],"1":[0]}}
,"/Users/nazimmammadov/WebstormProjects/blog-post/src/functions/pagination-values.ts": {"path":"/Users/nazimmammadov/WebstormProjects/blog-post/src/functions/pagination-values.ts","statementMap":{"0":{"start":{"line":1,"column":35},"end":{"line":12,"column":1}},"1":{"start":{"line":2,"column":4},"end":{"line":11,"column":null}},"2":{"start":{"line":1,"column":13},"end":{"line":1,"column":35}}},"fnMap":{"0":{"name":"(anonymous_0)","decl":{"start":{"line":1,"column":35},"end":{"line":1,"column":36}},"loc":{"start":{"line":1,"column":50},"end":{"line":12,"column":1}}}},"branchMap":{"0":{"loc":{"start":{"line":3,"column":20},"end":{"line":3,"column":46}},"type":"cond-expr","locations":[{"start":{"line":3,"column":40},"end":{"line":3,"column":44}},{"start":{"line":3,"column":44},"end":{"line":3,"column":46}}]},"1":{"loc":{"start":{"line":3,"column":20},"end":{"line":3,"column":44}},"type":"binary-expr","locations":[{"start":{"line":3,"column":20},"end":{"line":3,"column":44}},{"start":{"line":3,"column":40},"end":{"line":3,"column":44}}]},"2":{"loc":{"start":{"line":4,"column":16},"end":{"line":4,"column":43}},"type":"cond-expr","locations":[{"start":{"line":4,"column":28},"end":{"line":4,"column":32}},{"start":{"line":4,"column":32},"end":{"line":4,"column":43}}]},"3":{"loc":{"start":{"line":4,"column":16},"end":{"line":4,"column":32}},"type":"binary-expr","locations":[{"start":{"line":4,"column":16},"end":{"line":4,"column":32}},{"start":{"line":4,"column":28},"end":{"line":4,"column":32}}]},"4":{"loc":{"start":{"line":5,"column":23},"end":{"line":5,"column":52}},"type":"cond-expr","locations":[{"start":{"line":5,"column":42},"end":{"line":5,"column":46}},{"start":{"line":5,"column":46},"end":{"line":5,"column":52}}]},"5":{"loc":{"start":{"line":5,"column":23},"end":{"line":5,"column":46}},"type":"binary-expr","locations":[{"start":{"line":5,"column":23},"end":{"line":5,"column":46}},{"start":{"line":5,"column":42},"end":{"line":5,"column":46}}]},"6":{"loc":{"start":{"line":6,"column":20},"end":{"line":6,"column":68}},"type":"cond-expr","locations":[{"start":{"line":6,"column":47},"end":{"line":6,"column":48}},{"start":{"line":6,"column":51},"end":{"line":6,"column":68}}]},"7":{"loc":{"start":{"line":7,"column":18},"end":{"line":7,"column":63}},"type":"cond-expr","locations":[{"start":{"line":7,"column":43},"end":{"line":7,"column":45}},{"start":{"line":7,"column":48},"end":{"line":7,"column":63}}]},"8":{"loc":{"start":{"line":8,"column":25},"end":{"line":8,"column":54}},"type":"cond-expr","locations":[{"start":{"line":8,"column":46},"end":{"line":8,"column":50}},{"start":{"line":8,"column":50},"end":{"line":8,"column":54}}]},"9":{"loc":{"start":{"line":8,"column":25},"end":{"line":8,"column":50}},"type":"binary-expr","locations":[{"start":{"line":8,"column":25},"end":{"line":8,"column":50}},{"start":{"line":8,"column":46},"end":{"line":8,"column":50}}]},"10":{"loc":{"start":{"line":9,"column":25},"end":{"line":9,"column":54}},"type":"cond-expr","locations":[{"start":{"line":9,"column":46},"end":{"line":9,"column":50}},{"start":{"line":9,"column":50},"end":{"line":9,"column":54}}]},"11":{"loc":{"start":{"line":9,"column":25},"end":{"line":9,"column":50}},"type":"binary-expr","locations":[{"start":{"line":9,"column":25},"end":{"line":9,"column":50}},{"start":{"line":9,"column":46},"end":{"line":9,"column":50}}]}},"s":{"0":1,"1":12,"2":1},"f":{"0":12},"b":{"0":[0,12],"1":[12,12],"2":[0,12],"3":[12,12],"4":[0,12],"5":[12,12],"6":[12,0],"7":[12,0],"8":[0,12],"9":[12,12],"10":[0,12],"11":[12,12]}}
,"/Users/nazimmammadov/WebstormProjects/blog-post/src/mapping/blog-mapping.ts": {"path":"/Users/nazimmammadov/WebstormProjects/blog-post/src/mapping/blog-mapping.ts","statementMap":{"0":{"start":{"line":4,"column":27},"end":{"line":17,"column":1}},"1":{"start":{"line":5,"column":4},"end":{"line":15,"column":null}},"2":{"start":{"line":6,"column":8},"end":{"line":13,"column":null}},"3":{"start":{"line":4,"column":13},"end":{"line":4,"column":27}}},"fnMap":{"0":{"name":"(anonymous_0)","decl":{"start":{"line":4,"column":27},"end":{"line":4,"column":28}},"loc":{"start":{"line":4,"column":68},"end":{"line":17,"column":1}}},"1":{"name":"(anonymous_1)","decl":{"start":{"line":5,"column":21},"end":{"line":5,"column":22}},"loc":{"start":{"line":5,"column":58},"end":{"line":15,"column":5}}}},"branchMap":{},"s":{"0":1,"1":12,"2":11,"3":1},"f":{"0":12,"1":11},"b":{}}
,"/Users/nazimmammadov/WebstormProjects/blog-post/src/mapping/post-mapping.ts": {"path":"/Users/nazimmammadov/WebstormProjects/blog-post/src/mapping/post-mapping.ts","statementMap":{"0":{"start":{"line":4,"column":27},"end":{"line":17,"column":1}},"1":{"start":{"line":5,"column":4},"end":{"line":16,"column":null}},"2":{"start":{"line":7,"column":8},"end":{"line":15,"column":null}},"3":{"start":{"line":4,"column":13},"end":{"line":4,"column":27}}},"fnMap":{"0":{"name":"(anonymous_0)","decl":{"start":{"line":4,"column":27},"end":{"line":4,"column":28}},"loc":{"start":{"line":4,"column":66},"end":{"line":17,"column":1}}},"1":{"name":"(anonymous_1)","decl":{"start":{"line":5,"column":21},"end":{"line":5,"column":22}},"loc":{"start":{"line":5,"column":56},"end":{"line":16,"column":5}}}},"branchMap":{},"s":{"0":1,"1":0,"2":0,"3":1},"f":{"0":0,"1":0},"b":{}}
,"/Users/nazimmammadov/WebstormProjects/blog-post/src/mapping/user-mapping.ts": {"path":"/Users/nazimmammadov/WebstormProjects/blog-post/src/mapping/user-mapping.ts","statementMap":{"0":{"start":{"line":4,"column":27},"end":{"line":15,"column":1}},"1":{"start":{"line":5,"column":4},"end":{"line":14,"column":null}},"2":{"start":{"line":7,"column":8},"end":{"line":12,"column":null}},"3":{"start":{"line":4,"column":13},"end":{"line":4,"column":27}}},"fnMap":{"0":{"name":"(anonymous_0)","decl":{"start":{"line":4,"column":27},"end":{"line":4,"column":28}},"loc":{"start":{"line":4,"column":66},"end":{"line":15,"column":1}}},"1":{"name":"(anonymous_1)","decl":{"start":{"line":5,"column":23},"end":{"line":5,"column":24}},"loc":{"start":{"line":5,"column":55},"end":{"line":14,"column":5}}}},"branchMap":{},"s":{"0":1,"1":0,"2":0,"3":1},"f":{"0":0,"1":0},"b":{}}
,"/Users/nazimmammadov/WebstormProjects/blog-post/src/middlewares/base-auth-middlewares.ts": {"path":"/Users/nazimmammadov/WebstormProjects/blog-post/src/middlewares/base-auth-middlewares.ts","statementMap":{"0":{"start":{"line":3,"column":43},"end":{"line":14,"column":1}},"1":{"start":{"line":5,"column":30},"end":{"line":5,"column":55}},"2":{"start":{"line":7,"column":41},"end":{"line":7,"column":95}},"3":{"start":{"line":9,"column":4},"end":{"line":13,"column":null}},"4":{"start":{"line":10,"column":8},"end":{"line":10,"column":null}},"5":{"start":{"line":12,"column":8},"end":{"line":12,"column":null}},"6":{"start":{"line":3,"column":13},"end":{"line":3,"column":43}}},"fnMap":{"0":{"name":"(anonymous_0)","decl":{"start":{"line":3,"column":43},"end":{"line":3,"column":44}},"loc":{"start":{"line":3,"column":92},"end":{"line":14,"column":1}}}},"branchMap":{"0":{"loc":{"start":{"line":9,"column":4},"end":{"line":13,"column":null}},"type":"if","locations":[{"start":{"line":9,"column":4},"end":{"line":13,"column":null}},{"start":{"line":11,"column":9},"end":{"line":13,"column":null}}]}},"s":{"0":1,"1":22,"2":22,"3":22,"4":0,"5":22,"6":1},"f":{"0":22},"b":{"0":[0,22]}}
,"/Users/nazimmammadov/WebstormProjects/blog-post/src/middlewares/input-validation-middleware.ts": {"path":"/Users/nazimmammadov/WebstormProjects/blog-post/src/middlewares/input-validation-middleware.ts","statementMap":{"0":{"start":{"line":2,"column":0},"end":{"line":2,"column":51}},"1":{"start":{"line":4,"column":41},"end":{"line":18,"column":1}},"2":{"start":{"line":6,"column":27},"end":{"line":6,"column":48}},"3":{"start":{"line":7,"column":4},"end":{"line":17,"column":null}},"4":{"start":{"line":9,"column":12},"end":{"line":12,"column":15}},"5":{"start":{"line":9,"column":66},"end":{"line":12,"column":14}},"6":{"start":{"line":14,"column":8},"end":{"line":14,"column":70}},"7":{"start":{"line":16,"column":8},"end":{"line":16,"column":null}},"8":{"start":{"line":4,"column":13},"end":{"line":4,"column":41}}},"fnMap":{"0":{"name":"(anonymous_0)","decl":{"start":{"line":4,"column":41},"end":{"line":4,"column":42}},"loc":{"start":{"line":4,"column":90},"end":{"line":18,"column":1}}},"1":{"name":"(anonymous_1)","decl":{"start":{"line":9,"column":60},"end":{"line":9,"column":63}},"loc":{"start":{"line":9,"column":66},"end":{"line":12,"column":14}}}},"branchMap":{"0":{"loc":{"start":{"line":7,"column":4},"end":{"line":17,"column":null}},"type":"if","locations":[{"start":{"line":7,"column":4},"end":{"line":17,"column":null}},{"start":{"line":15,"column":10},"end":{"line":17,"column":null}}]}},"s":{"0":1,"1":1,"2":22,"3":22,"4":19,"5":22,"6":19,"7":3,"8":1},"f":{"0":22,"1":22},"b":{"0":[19,3]}}
,"/Users/nazimmammadov/WebstormProjects/blog-post/src/query-repositories/blog-query-repo.ts": {"path":"/Users/nazimmammadov/WebstormProjects/blog-post/src/query-repositories/blog-query-repo.ts","statementMap":{"0":{"start":{"line":1,"column":0},"end":{"line":1,"column":41}},"1":{"start":{"line":3,"column":0},"end":{"line":3,"column":52}},"2":{"start":{"line":4,"column":0},"end":{"line":4,"column":41}},"3":{"start":{"line":12,"column":13},"end":{"line":57,"column":null}},"4":{"start":{"line":16,"column":26},"end":{"line":16,"column":80}},"5":{"start":{"line":17,"column":8},"end":{"line":28,"column":null}},"6":{"start":{"line":18,"column":12},"end":{"line":25,"column":null}},"7":{"start":{"line":27,"column":12},"end":{"line":27,"column":null}},"8":{"start":{"line":36,"column":44},"end":{"line":36,"column":97}},"9":{"start":{"line":37,"column":25},"end":{"line":37,"column":52}},"10":{"start":{"line":38,"column":27},"end":{"line":38,"column":71}},"11":{"start":{"line":39,"column":27},"end":{"line":39,"column":59}},"12":{"start":{"line":41,"column":24},"end":{"line":45,"column":22}},"13":{"start":{"line":47,"column":27},"end":{"line":47,"column":47}},"14":{"start":{"line":48,"column":8},"end":{"line":54,"column":null}}},"fnMap":{"0":{"name":"(anonymous_7)","decl":{"start":{"line":14,"column":10},"end":{"line":14,"column":21}},"loc":{"start":{"line":14,"column":32},"end":{"line":29,"column":null}}},"1":{"name":"(anonymous_9)","decl":{"start":{"line":31,"column":10},"end":{"line":31,"column":17}},"loc":{"start":{"line":33,"column":53},"end":{"line":56,"column":null}}}},"branchMap":{"0":{"loc":{"start":{"line":17,"column":8},"end":{"line":28,"column":null}},"type":"if","locations":[{"start":{"line":17,"column":8},"end":{"line":28,"column":null}},{"start":{"line":26,"column":15},"end":{"line":28,"column":null}}]},"1":{"loc":{"start":{"line":32,"column":32},"end":{"line":32,"column":60}},"type":"default-arg","locations":[{"start":{"line":32,"column":49},"end":{"line":32,"column":60}}]},"2":{"loc":{"start":{"line":32,"column":62},"end":{"line":32,"column":92}},"type":"default-arg","locations":[{"start":{"line":32,"column":86},"end":{"line":32,"column":92}}]},"3":{"loc":{"start":{"line":33,"column":8},"end":{"line":33,"column":30}},"type":"default-arg","locations":[{"start":{"line":33,"column":29},"end":{"line":33,"column":30}}]},"4":{"loc":{"start":{"line":33,"column":32},"end":{"line":33,"column":53}},"type":"default-arg","locations":[{"start":{"line":33,"column":51},"end":{"line":33,"column":53}}]},"5":{"loc":{"start":{"line":36,"column":60},"end":{"line":36,"column":80}},"type":"cond-expr","locations":[{"start":{"line":36,"column":60},"end":{"line":36,"column":74}},{"start":{"line":36,"column":78},"end":{"line":36,"column":80}}]},"6":{"loc":{"start":{"line":36,"column":60},"end":{"line":36,"column":78}},"type":"binary-expr","locations":[{"start":{"line":36,"column":60},"end":{"line":36,"column":78}},{"start":{"line":36,"column":60},"end":{"line":36,"column":78}}]},"7":{"loc":{"start":{"line":42,"column":29},"end":{"line":42,"column":61}},"type":"cond-expr","locations":[{"start":{"line":42,"column":55},"end":{"line":42,"column":56}},{"start":{"line":42,"column":59},"end":{"line":42,"column":61}}]}},"s":{"0":1,"1":1,"2":1,"3":1,"4":11,"5":11,"6":11,"7":0,"8":12,"9":12,"10":12,"11":12,"12":12,"13":12,"14":12},"f":{"0":11,"1":12},"b":{"0":[11,0],"1":[0],"2":[0],"3":[0],"4":[0],"5":[12,0],"6":[12,12],"7":[0,12]}}
,"/Users/nazimmammadov/WebstormProjects/blog-post/src/query-repositories/posts-query-repo.ts": {"path":"/Users/nazimmammadov/WebstormProjects/blog-post/src/query-repositories/posts-query-repo.ts","statementMap":{"0":{"start":{"line":1,"column":0},"end":{"line":1,"column":58}},"1":{"start":{"line":2,"column":0},"end":{"line":2,"column":52}},"2":{"start":{"line":6,"column":0},"end":{"line":6,"column":33}},"3":{"start":{"line":9,"column":13},"end":{"line":84,"column":null}},"4":{"start":{"line":13,"column":29},"end":{"line":13,"column":83}},"5":{"start":{"line":14,"column":12},"end":{"line":26,"column":null}},"6":{"start":{"line":15,"column":16},"end":{"line":23,"column":null}},"7":{"start":{"line":25,"column":16},"end":{"line":25,"column":null}},"8":{"start":{"line":31,"column":29},"end":{"line":31,"column":56}},"9":{"start":{"line":32,"column":31},"end":{"line":32,"column":71}},"10":{"start":{"line":33,"column":31},"end":{"line":33,"column":63}},"11":{"start":{"line":35,"column":43},"end":{"line":39,"column":26}},"12":{"start":{"line":41,"column":48},"end":{"line":41,"column":69}},"13":{"start":{"line":43,"column":12},"end":{"line":49,"column":null}},"14":{"start":{"line":56,"column":29},"end":{"line":56,"column":56}},"15":{"start":{"line":57,"column":31},"end":{"line":57,"column":85}},"16":{"start":{"line":59,"column":31},"end":{"line":59,"column":63}},"17":{"start":{"line":62,"column":51},"end":{"line":66,"column":26}},"18":{"start":{"line":69,"column":12},"end":{"line":69,"column":null}},"19":{"start":{"line":69,"column":46},"end":{"line":69,"column":null}},"20":{"start":{"line":71,"column":47},"end":{"line":71,"column":76}},"21":{"start":{"line":75,"column":12},"end":{"line":82,"column":null}}},"fnMap":{"0":{"name":"(anonymous_7)","decl":{"start":{"line":12,"column":14},"end":{"line":12,"column":25}},"loc":{"start":{"line":12,"column":35},"end":{"line":27,"column":null}}},"1":{"name":"(anonymous_9)","decl":{"start":{"line":29,"column":14},"end":{"line":29,"column":21}},"loc":{"start":{"line":29,"column":90},"end":{"line":50,"column":null}}},"2":{"name":"(anonymous_11)","decl":{"start":{"line":52,"column":14},"end":{"line":52,"column":30}},"loc":{"start":{"line":52,"column":122},"end":{"line":83,"column":null}}}},"branchMap":{"0":{"loc":{"start":{"line":14,"column":12},"end":{"line":26,"column":null}},"type":"if","locations":[{"start":{"line":14,"column":12},"end":{"line":26,"column":null}},{"start":{"line":24,"column":17},"end":{"line":26,"column":null}}]},"1":{"loc":{"start":{"line":36,"column":32},"end":{"line":36,"column":61}},"type":"cond-expr","locations":[{"start":{"line":36,"column":56},"end":{"line":36,"column":57}},{"start":{"line":36,"column":59},"end":{"line":36,"column":61}}]},"2":{"loc":{"start":{"line":63,"column":33},"end":{"line":63,"column":65}},"type":"cond-expr","locations":[{"start":{"line":63,"column":59},"end":{"line":63,"column":60}},{"start":{"line":63,"column":63},"end":{"line":63,"column":65}}]},"3":{"loc":{"start":{"line":69,"column":12},"end":{"line":69,"column":null}},"type":"if","locations":[{"start":{"line":69,"column":12},"end":{"line":69,"column":null}}]}},"s":{"0":1,"1":1,"2":1,"3":1,"4":0,"5":0,"6":0,"7":0,"8":0,"9":0,"10":0,"11":0,"12":0,"13":0,"14":0,"15":0,"16":0,"17":0,"18":0,"19":0,"20":0,"21":0},"f":{"0":0,"1":0,"2":0},"b":{"0":[0,0],"1":[0,0],"2":[0,0],"3":[0]}}
,"/Users/nazimmammadov/WebstormProjects/blog-post/src/query-repositories/user-query-repo.ts": {"path":"/Users/nazimmammadov/WebstormProjects/blog-post/src/query-repositories/user-query-repo.ts","statementMap":{"0":{"start":{"line":1,"column":0},"end":{"line":1,"column":41}},"1":{"start":{"line":4,"column":0},"end":{"line":4,"column":52}},"2":{"start":{"line":6,"column":13},"end":{"line":39,"column":null}},"3":{"start":{"line":9,"column":25},"end":{"line":9,"column":52}},"4":{"start":{"line":10,"column":43},"end":{"line":15,"column":10}},"5":{"start":{"line":16,"column":27},"end":{"line":16,"column":71}},"6":{"start":{"line":17,"column":8},"end":{"line":17,"column":null}},"7":{"start":{"line":18,"column":27},"end":{"line":18,"column":59}},"8":{"start":{"line":20,"column":25},"end":{"line":24,"column":22}},"9":{"start":{"line":26,"column":8},"end":{"line":26,"column":null}},"10":{"start":{"line":28,"column":28},"end":{"line":28,"column":49}},"11":{"start":{"line":30,"column":8},"end":{"line":36,"column":null}}},"fnMap":{"0":{"name":"(anonymous_7)","decl":{"start":{"line":7,"column":10},"end":{"line":7,"column":18}},"loc":{"start":{"line":7,"column":144},"end":{"line":38,"column":null}}}},"branchMap":{"0":{"loc":{"start":{"line":12,"column":34},"end":{"line":12,"column":55}},"type":"cond-expr","locations":[{"start":{"line":12,"column":34},"end":{"line":12,"column":49}},{"start":{"line":12,"column":53},"end":{"line":12,"column":55}}]},"1":{"loc":{"start":{"line":12,"column":34},"end":{"line":12,"column":53}},"type":"binary-expr","locations":[{"start":{"line":12,"column":34},"end":{"line":12,"column":53}},{"start":{"line":12,"column":34},"end":{"line":12,"column":53}}]},"2":{"loc":{"start":{"line":13,"column":37},"end":{"line":13,"column":58}},"type":"cond-expr","locations":[{"start":{"line":13,"column":37},"end":{"line":13,"column":52}},{"start":{"line":13,"column":56},"end":{"line":13,"column":58}}]},"3":{"loc":{"start":{"line":13,"column":37},"end":{"line":13,"column":56}},"type":"binary-expr","locations":[{"start":{"line":13,"column":37},"end":{"line":13,"column":56}},{"start":{"line":13,"column":37},"end":{"line":13,"column":56}}]},"4":{"loc":{"start":{"line":21,"column":29},"end":{"line":21,"column":61}},"type":"cond-expr","locations":[{"start":{"line":21,"column":55},"end":{"line":21,"column":56}},{"start":{"line":21,"column":59},"end":{"line":21,"column":61}}]}},"s":{"0":1,"1":1,"2":1,"3":0,"4":0,"5":0,"6":0,"7":0,"8":0,"9":0,"10":0,"11":0},"f":{"0":0},"b":{"0":[0,0],"1":[0,0],"2":[0,0],"3":[0,0],"4":[0,0]}}
,"/Users/nazimmammadov/WebstormProjects/blog-post/src/repositories/blog-in-db-repository.ts": {"path":"/Users/nazimmammadov/WebstormProjects/blog-post/src/repositories/blog-in-db-repository.ts","statementMap":{"0":{"start":{"line":1,"column":0},"end":{"line":1,"column":41}},"1":{"start":{"line":2,"column":0},"end":{"line":2,"column":33}},"2":{"start":{"line":3,"column":0},"end":{"line":3,"column":52}},"3":{"start":{"line":9,"column":13},"end":{"line":78,"column":null}},"4":{"start":{"line":14,"column":23},"end":{"line":14,"column":63}},"5":{"start":{"line":17,"column":8},"end":{"line":24,"column":null}},"6":{"start":{"line":30,"column":22},"end":{"line":30,"column":62}},"7":{"start":{"line":32,"column":8},"end":{"line":32,"column":null}},"8":{"start":{"line":36,"column":8},"end":{"line":52,"column":null}},"9":{"start":{"line":37,"column":30},"end":{"line":37,"column":84}},"10":{"start":{"line":38,"column":12},"end":{"line":49,"column":null}},"11":{"start":{"line":39,"column":16},"end":{"line":46,"column":null}},"12":{"start":{"line":48,"column":16},"end":{"line":48,"column":null}},"13":{"start":{"line":51,"column":12},"end":{"line":51,"column":null}},"14":{"start":{"line":57,"column":8},"end":{"line":66,"column":null}},"15":{"start":{"line":58,"column":27},"end":{"line":59,"column":null}},"16":{"start":{"line":61,"column":12},"end":{"line":61,"column":null}},"17":{"start":{"line":65,"column":12},"end":{"line":65,"column":null}},"18":{"start":{"line":72,"column":23},"end":{"line":72,"column":80}},"19":{"start":{"line":74,"column":8},"end":{"line":74,"column":null}}},"fnMap":{"0":{"name":"(anonymous_7)","decl":{"start":{"line":11,"column":10},"end":{"line":11,"column":20}},"loc":{"start":{"line":11,"column":41},"end":{"line":26,"column":null}}},"1":{"name":"(anonymous_9)","decl":{"start":{"line":28,"column":10},"end":{"line":28,"column":17}},"loc":{"start":{"line":28,"column":17},"end":{"line":33,"column":null}}},"2":{"name":"(anonymous_11)","decl":{"start":{"line":35,"column":10},"end":{"line":35,"column":21}},"loc":{"start":{"line":35,"column":32},"end":{"line":54,"column":null}}},"3":{"name":"(anonymous_13)","decl":{"start":{"line":55,"column":10},"end":{"line":55,"column":20}},"loc":{"start":{"line":55,"column":86},"end":{"line":69,"column":null}}},"4":{"name":"(anonymous_15)","decl":{"start":{"line":71,"column":10},"end":{"line":71,"column":24}},"loc":{"start":{"line":71,"column":35},"end":{"line":75,"column":null}}}},"branchMap":{"0":{"loc":{"start":{"line":38,"column":12},"end":{"line":49,"column":null}},"type":"if","locations":[{"start":{"line":38,"column":12},"end":{"line":49,"column":null}},{"start":{"line":47,"column":19},"end":{"line":49,"column":null}}]}},"s":{"0":1,"1":1,"2":1,"3":1,"4":1,"5":1,"6":0,"7":0,"8":0,"9":0,"10":0,"11":0,"12":0,"13":0,"14":2,"15":2,"16":1,"17":1,"18":0,"19":0},"f":{"0":1,"1":0,"2":0,"3":2,"4":0},"b":{"0":[0,0]}}
,"/Users/nazimmammadov/WebstormProjects/blog-post/src/repositories/post-in-db-repository.ts": {"path":"/Users/nazimmammadov/WebstormProjects/blog-post/src/repositories/post-in-db-repository.ts","statementMap":{"0":{"start":{"line":1,"column":0},"end":{"line":1,"column":41}},"1":{"start":{"line":2,"column":0},"end":{"line":2,"column":33}},"2":{"start":{"line":5,"column":0},"end":{"line":5,"column":52}},"3":{"start":{"line":10,"column":13},"end":{"line":89,"column":null}},"4":{"start":{"line":15,"column":24},"end":{"line":15,"column":64}},"5":{"start":{"line":17,"column":8},"end":{"line":25,"column":null}},"6":{"start":{"line":32,"column":23},"end":{"line":32,"column":73}},"7":{"start":{"line":35,"column":8},"end":{"line":43,"column":null}},"8":{"start":{"line":49,"column":25},"end":{"line":49,"column":65}},"9":{"start":{"line":50,"column":8},"end":{"line":50,"column":null}},"10":{"start":{"line":54,"column":25},"end":{"line":54,"column":64}},"11":{"start":{"line":55,"column":8},"end":{"line":67,"column":null}},"12":{"start":{"line":56,"column":12},"end":{"line":64,"column":null}},"13":{"start":{"line":66,"column":12},"end":{"line":66,"column":null}},"14":{"start":{"line":72,"column":23},"end":{"line":76,"column":32}},"15":{"start":{"line":79,"column":8},"end":{"line":79,"column":null}},"16":{"start":{"line":83,"column":23},"end":{"line":83,"column":79}},"17":{"start":{"line":84,"column":9},"end":{"line":84,"column":null}}},"fnMap":{"0":{"name":"(anonymous_7)","decl":{"start":{"line":12,"column":10},"end":{"line":12,"column":20}},"loc":{"start":{"line":12,"column":41},"end":{"line":27,"column":null}}},"1":{"name":"(anonymous_9)","decl":{"start":{"line":29,"column":11},"end":{"line":29,"column":28}},"loc":{"start":{"line":29,"column":59},"end":{"line":45,"column":null}}},"2":{"name":"(anonymous_11)","decl":{"start":{"line":48,"column":10},"end":{"line":48,"column":17}},"loc":{"start":{"line":48,"column":17},"end":{"line":51,"column":null}}},"3":{"name":"(anonymous_13)","decl":{"start":{"line":53,"column":10},"end":{"line":53,"column":21}},"loc":{"start":{"line":53,"column":33},"end":{"line":68,"column":null}}},"4":{"name":"(anonymous_15)","decl":{"start":{"line":70,"column":10},"end":{"line":70,"column":20}},"loc":{"start":{"line":70,"column":101},"end":{"line":80,"column":null}}},"5":{"name":"(anonymous_17)","decl":{"start":{"line":82,"column":10},"end":{"line":82,"column":24}},"loc":{"start":{"line":82,"column":34},"end":{"line":86,"column":null}}}},"branchMap":{"0":{"loc":{"start":{"line":55,"column":8},"end":{"line":67,"column":null}},"type":"if","locations":[{"start":{"line":55,"column":8},"end":{"line":67,"column":null}},{"start":{"line":65,"column":13},"end":{"line":67,"column":null}}]}},"s":{"0":1,"1":1,"2":1,"3":1,"4":0,"5":0,"6":0,"7":0,"8":0,"9":0,"10":0,"11":0,"12":0,"13":0,"14":0,"15":0,"16":0,"17":0},"f":{"0":0,"1":0,"2":0,"3":0,"4":0,"5":0},"b":{"0":[0,0]}}
,"/Users/nazimmammadov/WebstormProjects/blog-post/src/repositories/user-in-db-memory.ts": {"path":"/Users/nazimmammadov/WebstormProjects/blog-post/src/repositories/user-in-db-memory.ts","statementMap":{"0":{"start":{"line":1,"column":0},"end":{"line":1,"column":41}},"1":{"start":{"line":5,"column":0},"end":{"line":5,"column":33}},"2":{"start":{"line":7,"column":13},"end":{"line":33,"column":null}},"3":{"start":{"line":10,"column":1},"end":{"line":10,"column":null}},"4":{"start":{"line":12,"column":8},"end":{"line":18,"column":null}},"5":{"start":{"line":24,"column":24},"end":{"line":24,"column":80}},"6":{"start":{"line":25,"column":8},"end":{"line":25,"column":41}},"7":{"start":{"line":29,"column":22},"end":{"line":29,"column":103}},"8":{"start":{"line":30,"column":8},"end":{"line":30,"column":null}},"9":{"start":{"line":31,"column":8},"end":{"line":31,"column":null}}},"fnMap":{"0":{"name":"(anonymous_7)","decl":{"start":{"line":8,"column":10},"end":{"line":8,"column":23}},"loc":{"start":{"line":8,"column":42},"end":{"line":21,"column":null}}},"1":{"name":"(anonymous_9)","decl":{"start":{"line":23,"column":10},"end":{"line":23,"column":20}},"loc":{"start":{"line":23,"column":31},"end":{"line":26,"column":null}}},"2":{"name":"(anonymous_11)","decl":{"start":{"line":28,"column":10},"end":{"line":28,"column":26}},"loc":{"start":{"line":28,"column":46},"end":{"line":32,"column":null}}}},"branchMap":{},"s":{"0":1,"1":1,"2":1,"3":0,"4":0,"5":0,"6":0,"7":0,"8":0,"9":0},"f":{"0":0,"1":0,"2":0},"b":{}}
,"/Users/nazimmammadov/WebstormProjects/blog-post/src/routes/auth-routes.ts": {"path":"/Users/nazimmammadov/WebstormProjects/blog-post/src/routes/auth-routes.ts","statementMap":{"0":{"start":{"line":1,"column":0},"end":{"line":1,"column":49}},"1":{"start":{"line":2,"column":0},"end":{"line":2,"column":85}},"2":{"start":{"line":3,"column":0},"end":{"line":3,"column":64}},"3":{"start":{"line":4,"column":0},"end":{"line":4,"column":51}},"4":{"start":{"line":6,"column":13},"end":{"line":6,"column":37}},"5":{"start":{"line":8,"column":0},"end":{"line":25,"column":3}},"6":{"start":{"line":8,"column":100},"end":{"line":25,"column":2}},"7":{"start":{"line":11,"column":37},"end":{"line":11,"column":45}},"8":{"start":{"line":15,"column":29},"end":{"line":15,"column":87}},"9":{"start":{"line":17,"column":4},"end":{"line":23,"column":null}},"10":{"start":{"line":19,"column":8},"end":{"line":19,"column":null}},"11":{"start":{"line":22,"column":8},"end":{"line":22,"column":null}}},"fnMap":{"0":{"name":"(anonymous_7)","decl":{"start":{"line":8,"column":62},"end":{"line":8,"column":69}},"loc":{"start":{"line":8,"column":100},"end":{"line":25,"column":2}}},"1":{"name":"(anonymous_8)","decl":{"start":{"line":8,"column":100},"end":{"line":8,"column":null}},"loc":{"start":{"line":8,"column":100},"end":{"line":25,"column":1}}}},"branchMap":{"0":{"loc":{"start":{"line":17,"column":4},"end":{"line":23,"column":null}},"type":"if","locations":[{"start":{"line":17,"column":4},"end":{"line":23,"column":null}},{"start":{"line":21,"column":9},"end":{"line":23,"column":null}}]}},"s":{"0":1,"1":1,"2":1,"3":1,"4":1,"5":1,"6":0,"7":0,"8":0,"9":0,"10":0,"11":0},"f":{"0":0,"1":0},"b":{"0":[0,0]}}
,"/Users/nazimmammadov/WebstormProjects/blog-post/src/routes/blog-routes.ts": {"path":"/Users/nazimmammadov/WebstormProjects/blog-post/src/routes/blog-routes.ts","statementMap":{"0":{"start":{"line":1,"column":0},"end":{"line":1,"column":50}},"1":{"start":{"line":2,"column":0},"end":{"line":2,"column":81}},"2":{"start":{"line":3,"column":0},"end":{"line":3,"column":85}},"3":{"start":{"line":4,"column":0},"end":{"line":4,"column":null}},"4":{"start":{"line":10,"column":0},"end":{"line":10,"column":51}},"5":{"start":{"line":11,"column":0},"end":{"line":11,"column":68}},"6":{"start":{"line":13,"column":0},"end":{"line":13,"column":67}},"7":{"start":{"line":15,"column":0},"end":{"line":15,"column":69}},"8":{"start":{"line":17,"column":0},"end":{"line":17,"column":52}},"9":{"start":{"line":20,"column":13},"end":{"line":20,"column":null}},"10":{"start":{"line":22,"column":30},"end":{"line":22,"column":98}},"11":{"start":{"line":26,"column":0},"end":{"line":40,"column":null}},"12":{"start":{"line":26,"column":76},"end":{"line":40,"column":2}},"13":{"start":{"line":33,"column":70},"end":{"line":33,"column":100}},"14":{"start":{"line":36,"column":35},"end":{"line":37,"column":44}},"15":{"start":{"line":39,"column":4},"end":{"line":39,"column":null}},"16":{"start":{"line":42,"column":0},"end":{"line":56,"column":null}},"17":{"start":{"line":42,"column":89},"end":{"line":56,"column":2}},"18":{"start":{"line":44,"column":58},"end":{"line":44,"column":88}},"19":{"start":{"line":46,"column":19},"end":{"line":46,"column":36}},"20":{"start":{"line":47,"column":53},"end":{"line":47,"column":141}},"21":{"start":{"line":50,"column":4},"end":{"line":54,"column":null}},"22":{"start":{"line":51,"column":8},"end":{"line":51,"column":null}},"23":{"start":{"line":53,"column":8},"end":{"line":53,"column":null}},"24":{"start":{"line":59,"column":0},"end":{"line":71,"column":null}},"25":{"start":{"line":60,"column":42},"end":{"line":71,"column":6}},"26":{"start":{"line":62,"column":21},"end":{"line":62,"column":34}},"27":{"start":{"line":63,"column":28},"end":{"line":63,"column":48}},"28":{"start":{"line":64,"column":27},"end":{"line":64,"column":46}},"29":{"start":{"line":66,"column":39},"end":{"line":66,"column":98}},"30":{"start":{"line":68,"column":8},"end":{"line":70,"column":null}},"31":{"start":{"line":69,"column":12},"end":{"line":69,"column":null}},"32":{"start":{"line":73,"column":0},"end":{"line":90,"column":null}},"33":{"start":{"line":74,"column":42},"end":{"line":90,"column":6}},"34":{"start":{"line":76,"column":26},"end":{"line":76,"column":40}},"35":{"start":{"line":77,"column":37},"end":{"line":77,"column":62}},"36":{"start":{"line":78,"column":28},"end":{"line":78,"column":44}},"37":{"start":{"line":79,"column":27},"end":{"line":79,"column":44}},"38":{"start":{"line":81,"column":56},"end":{"line":81,"column":135}},"39":{"start":{"line":83,"column":12},"end":{"line":87,"column":null}},"40":{"start":{"line":84,"column":16},"end":{"line":84,"column":null}},"41":{"start":{"line":86,"column":16},"end":{"line":86,"column":null}},"42":{"start":{"line":92,"column":0},"end":{"line":102,"column":null}},"43":{"start":{"line":92,"column":61},"end":{"line":102,"column":2}},"44":{"start":{"line":94,"column":45},"end":{"line":94,"column":91}},"45":{"start":{"line":96,"column":4},"end":{"line":100,"column":null}},"46":{"start":{"line":97,"column":8},"end":{"line":97,"column":null}},"47":{"start":{"line":99,"column":8},"end":{"line":99,"column":null}},"48":{"start":{"line":104,"column":0},"end":{"line":121,"column":null}},"49":{"start":{"line":105,"column":42},"end":{"line":121,"column":6}},"50":{"start":{"line":108,"column":21},"end":{"line":108,"column":34}},"51":{"start":{"line":109,"column":28},"end":{"line":109,"column":48}},"52":{"start":{"line":110,"column":27},"end":{"line":110,"column":46}},"53":{"start":{"line":112,"column":36},"end":{"line":112,"column":110}},"54":{"start":{"line":114,"column":8},"end":{"line":118,"column":null}},"55":{"start":{"line":115,"column":12},"end":{"line":115,"column":null}},"56":{"start":{"line":117,"column":12},"end":{"line":117,"column":null}},"57":{"start":{"line":123,"column":0},"end":{"line":133,"column":null}},"58":{"start":{"line":123,"column":93},"end":{"line":133,"column":2}},"59":{"start":{"line":125,"column":32},"end":{"line":125,"column":79}},"60":{"start":{"line":127,"column":4},"end":{"line":131,"column":null}},"61":{"start":{"line":128,"column":8},"end":{"line":128,"column":null}},"62":{"start":{"line":130,"column":8},"end":{"line":130,"column":null}}},"fnMap":{"0":{"name":"(anonymous_7)","decl":{"start":{"line":26,"column":38},"end":{"line":26,"column":45}},"loc":{"start":{"line":26,"column":76},"end":{"line":40,"column":2}}},"1":{"name":"(anonymous_8)","decl":{"start":{"line":26,"column":76},"end":{"line":26,"column":null}},"loc":{"start":{"line":26,"column":76},"end":{"line":40,"column":1}}},"2":{"name":"(anonymous_9)","decl":{"start":{"line":42,"column":51},"end":{"line":42,"column":58}},"loc":{"start":{"line":42,"column":89},"end":{"line":56,"column":2}}},"3":{"name":"(anonymous_10)","decl":{"start":{"line":42,"column":89},"end":{"line":42,"column":null}},"loc":{"start":{"line":42,"column":89},"end":{"line":56,"column":1}}},"4":{"name":"(anonymous_11)","decl":{"start":{"line":60,"column":4},"end":{"line":60,"column":11}},"loc":{"start":{"line":60,"column":42},"end":{"line":71,"column":6}}},"5":{"name":"(anonymous_12)","decl":{"start":{"line":60,"column":42},"end":{"line":60,"column":null}},"loc":{"start":{"line":60,"column":42},"end":{"line":71,"column":5}}},"6":{"name":"(anonymous_13)","decl":{"start":{"line":74,"column":4},"end":{"line":74,"column":11}},"loc":{"start":{"line":74,"column":42},"end":{"line":90,"column":6}}},"7":{"name":"(anonymous_14)","decl":{"start":{"line":74,"column":42},"end":{"line":74,"column":null}},"loc":{"start":{"line":74,"column":42},"end":{"line":90,"column":5}}},"8":{"name":"(anonymous_15)","decl":{"start":{"line":92,"column":23},"end":{"line":92,"column":30}},"loc":{"start":{"line":92,"column":61},"end":{"line":102,"column":2}}},"9":{"name":"(anonymous_16)","decl":{"start":{"line":92,"column":61},"end":{"line":92,"column":null}},"loc":{"start":{"line":92,"column":61},"end":{"line":102,"column":1}}},"10":{"name":"(anonymous_17)","decl":{"start":{"line":105,"column":4},"end":{"line":105,"column":11}},"loc":{"start":{"line":105,"column":42},"end":{"line":121,"column":6}}},"11":{"name":"(anonymous_18)","decl":{"start":{"line":105,"column":42},"end":{"line":105,"column":null}},"loc":{"start":{"line":105,"column":42},"end":{"line":121,"column":5}}},"12":{"name":"(anonymous_19)","decl":{"start":{"line":123,"column":55},"end":{"line":123,"column":62}},"loc":{"start":{"line":123,"column":93},"end":{"line":133,"column":2}}},"13":{"name":"(anonymous_20)","decl":{"start":{"line":123,"column":93},"end":{"line":123,"column":null}},"loc":{"start":{"line":123,"column":93},"end":{"line":133,"column":1}}}},"branchMap":{"0":{"loc":{"start":{"line":50,"column":4},"end":{"line":54,"column":null}},"type":"if","locations":[{"start":{"line":50,"column":4},"end":{"line":54,"column":null}},{"start":{"line":52,"column":11},"end":{"line":54,"column":null}}]},"1":{"loc":{"start":{"line":68,"column":8},"end":{"line":70,"column":null}},"type":"if","locations":[{"start":{"line":68,"column":8},"end":{"line":70,"column":null}}]},"2":{"loc":{"start":{"line":83,"column":12},"end":{"line":87,"column":null}},"type":"if","locations":[{"start":{"line":83,"column":12},"end":{"line":87,"column":null}},{"start":{"line":85,"column":19},"end":{"line":87,"column":null}}]},"3":{"loc":{"start":{"line":96,"column":4},"end":{"line":100,"column":null}},"type":"if","locations":[{"start":{"line":96,"column":4},"end":{"line":100,"column":null}},{"start":{"line":98,"column":11},"end":{"line":100,"column":null}}]},"4":{"loc":{"start":{"line":114,"column":8},"end":{"line":118,"column":null}},"type":"if","locations":[{"start":{"line":114,"column":8},"end":{"line":118,"column":null}},{"start":{"line":116,"column":15},"end":{"line":118,"column":null}}]},"5":{"loc":{"start":{"line":127,"column":4},"end":{"line":131,"column":null}},"type":"if","locations":[{"start":{"line":127,"column":4},"end":{"line":131,"column":null}},{"start":{"line":129,"column":11},"end":{"line":131,"column":null}}]}},"s":{"0":1,"1":1,"2":1,"3":1,"4":1,"5":1,"6":1,"7":1,"8":1,"9":1,"10":1,"11":1,"12":12,"13":12,"14":12,"15":12,"16":1,"17":0,"18":0,"19":0,"20":0,"21":0,"22":0,"23":0,"24":1,"25":1,"26":1,"27":1,"28":1,"29":1,"30":1,"31":1,"32":1,"33":0,"34":0,"35":0,"36":0,"37":0,"38":0,"39":0,"40":0,"41":0,"42":1,"43":11,"44":11,"45":11,"46":11,"47":0,"48":1,"49":2,"50":2,"51":2,"52":2,"53":2,"54":2,"55":1,"56":1,"57":1,"58":0,"59":0,"60":0,"61":0,"62":0},"f":{"0":12,"1":12,"2":0,"3":0,"4":1,"5":1,"6":0,"7":0,"8":11,"9":11,"10":2,"11":2,"12":0,"13":0},"b":{"0":[0,0],"1":[1],"2":[0,0],"3":[11,0],"4":[1,1],"5":[0,0]}}
,"/Users/nazimmammadov/WebstormProjects/blog-post/src/routes/delete-routes.ts": {"path":"/Users/nazimmammadov/WebstormProjects/blog-post/src/routes/delete-routes.ts","statementMap":{"0":{"start":{"line":1,"column":0},"end":{"line":1,"column":50}},"1":{"start":{"line":2,"column":0},"end":{"line":2,"column":75}},"2":{"start":{"line":5,"column":13},"end":{"line":5,"column":null}},"3":{"start":{"line":7,"column":0},"end":{"line":12,"column":null}},"4":{"start":{"line":7,"column":62},"end":{"line":12,"column":2}},"5":{"start":{"line":8,"column":4},"end":{"line":8,"column":null}},"6":{"start":{"line":9,"column":4},"end":{"line":9,"column":null}},"7":{"start":{"line":10,"column":4},"end":{"line":10,"column":null}},"8":{"start":{"line":11,"column":4},"end":{"line":11,"column":null}}},"fnMap":{"0":{"name":"(anonymous_7)","decl":{"start":{"line":7,"column":24},"end":{"line":7,"column":31}},"loc":{"start":{"line":7,"column":62},"end":{"line":12,"column":2}}},"1":{"name":"(anonymous_8)","decl":{"start":{"line":7,"column":62},"end":{"line":7,"column":null}},"loc":{"start":{"line":7,"column":62},"end":{"line":12,"column":1}}}},"branchMap":{},"s":{"0":1,"1":1,"2":1,"3":1,"4":1,"5":1,"6":1,"7":1,"8":1},"f":{"0":1,"1":1},"b":{}}
,"/Users/nazimmammadov/WebstormProjects/blog-post/src/routes/post-routes.ts": {"path":"/Users/nazimmammadov/WebstormProjects/blog-post/src/routes/post-routes.ts","statementMap":{"0":{"start":{"line":1,"column":0},"end":{"line":1,"column":50}},"1":{"start":{"line":2,"column":0},"end":{"line":2,"column":81}},"2":{"start":{"line":3,"column":0},"end":{"line":3,"column":85}},"3":{"start":{"line":4,"column":0},"end":{"line":4,"column":null}},"4":{"start":{"line":11,"column":0},"end":{"line":11,"column":52}},"5":{"start":{"line":12,"column":0},"end":{"line":12,"column":67}},"6":{"start":{"line":13,"column":0},"end":{"line":13,"column":69}},"7":{"start":{"line":17,"column":13},"end":{"line":17,"column":null}},"8":{"start":{"line":20,"column":29},"end":{"line":20,"column":137}},"9":{"start":{"line":22,"column":0},"end":{"line":29,"column":null}},"10":{"start":{"line":22,"column":58},"end":{"line":29,"column":2}},"11":{"start":{"line":24,"column":55},"end":{"line":24,"column":85}},"12":{"start":{"line":26,"column":34},"end":{"line":26,"column":103}},"13":{"start":{"line":28,"column":4},"end":{"line":28,"column":null}},"14":{"start":{"line":31,"column":0},"end":{"line":48,"column":null}},"15":{"start":{"line":32,"column":42},"end":{"line":48,"column":6}},"16":{"start":{"line":34,"column":22},"end":{"line":34,"column":36}},"17":{"start":{"line":35,"column":33},"end":{"line":35,"column":58}},"18":{"start":{"line":36,"column":24},"end":{"line":36,"column":40}},"19":{"start":{"line":37,"column":23},"end":{"line":37,"column":38}},"20":{"start":{"line":40,"column":43},"end":{"line":40,"column":113}},"21":{"start":{"line":41,"column":8},"end":{"line":46,"column":null}},"22":{"start":{"line":42,"column":12},"end":{"line":42,"column":null}},"23":{"start":{"line":45,"column":12},"end":{"line":45,"column":null}},"24":{"start":{"line":51,"column":0},"end":{"line":61,"column":null}},"25":{"start":{"line":51,"column":62},"end":{"line":61,"column":2}},"26":{"start":{"line":53,"column":42},"end":{"line":53,"column":88}},"27":{"start":{"line":55,"column":4},"end":{"line":59,"column":null}},"28":{"start":{"line":56,"column":8},"end":{"line":56,"column":null}},"29":{"start":{"line":58,"column":8},"end":{"line":58,"column":null}},"30":{"start":{"line":64,"column":0},"end":{"line":80,"column":null}},"31":{"start":{"line":65,"column":42},"end":{"line":80,"column":6}},"32":{"start":{"line":68,"column":22},"end":{"line":68,"column":36}},"33":{"start":{"line":69,"column":33},"end":{"line":69,"column":58}},"34":{"start":{"line":70,"column":24},"end":{"line":70,"column":40}},"35":{"start":{"line":71,"column":23},"end":{"line":71,"column":38}},"36":{"start":{"line":73,"column":35},"end":{"line":73,"column":120}},"37":{"start":{"line":75,"column":8},"end":{"line":79,"column":null}},"38":{"start":{"line":76,"column":12},"end":{"line":76,"column":null}},"39":{"start":{"line":78,"column":12},"end":{"line":78,"column":null}},"40":{"start":{"line":82,"column":0},"end":{"line":92,"column":null}},"41":{"start":{"line":82,"column":93},"end":{"line":92,"column":2}},"42":{"start":{"line":84,"column":31},"end":{"line":84,"column":78}},"43":{"start":{"line":86,"column":4},"end":{"line":90,"column":null}},"44":{"start":{"line":87,"column":8},"end":{"line":87,"column":null}},"45":{"start":{"line":89,"column":8},"end":{"line":89,"column":null}}},"fnMap":{"0":{"name":"(anonymous_7)","decl":{"start":{"line":22,"column":20},"end":{"line":22,"column":27}},"loc":{"start":{"line":22,"column":58},"end":{"line":29,"column":2}}},"1":{"name":"(anonymous_8)","decl":{"start":{"line":22,"column":58},"end":{"line":22,"column":null}},"loc":{"start":{"line":22,"column":58},"end":{"line":29,"column":1}}},"2":{"name":"(anonymous_9)","decl":{"start":{"line":32,"column":4},"end":{"line":32,"column":11}},"loc":{"start":{"line":32,"column":42},"end":{"line":48,"column":6}}},"3":{"name":"(anonymous_10)","decl":{"start":{"line":32,"column":42},"end":{"line":32,"column":null}},"loc":{"start":{"line":32,"column":42},"end":{"line":48,"column":5}}},"4":{"name":"(anonymous_11)","decl":{"start":{"line":51,"column":24},"end":{"line":51,"column":31}},"loc":{"start":{"line":51,"column":62},"end":{"line":61,"column":2}}},"5":{"name":"(anonymous_12)","decl":{"start":{"line":51,"column":62},"end":{"line":51,"column":null}},"loc":{"start":{"line":51,"column":62},"end":{"line":61,"column":1}}},"6":{"name":"(anonymous_13)","decl":{"start":{"line":65,"column":4},"end":{"line":65,"column":11}},"loc":{"start":{"line":65,"column":42},"end":{"line":80,"column":6}}},"7":{"name":"(anonymous_14)","decl":{"start":{"line":65,"column":42},"end":{"line":65,"column":null}},"loc":{"start":{"line":65,"column":42},"end":{"line":80,"column":5}}},"8":{"name":"(anonymous_15)","decl":{"start":{"line":82,"column":55},"end":{"line":82,"column":62}},"loc":{"start":{"line":82,"column":93},"end":{"line":92,"column":2}}},"9":{"name":"(anonymous_16)","decl":{"start":{"line":82,"column":93},"end":{"line":82,"column":null}},"loc":{"start":{"line":82,"column":93},"end":{"line":92,"column":1}}}},"branchMap":{"0":{"loc":{"start":{"line":41,"column":8},"end":{"line":46,"column":null}},"type":"if","locations":[{"start":{"line":41,"column":8},"end":{"line":46,"column":null}},{"start":{"line":44,"column":12},"end":{"line":46,"column":null}}]},"1":{"loc":{"start":{"line":55,"column":4},"end":{"line":59,"column":null}},"type":"if","locations":[{"start":{"line":55,"column":4},"end":{"line":59,"column":null}},{"start":{"line":57,"column":11},"end":{"line":59,"column":null}}]},"2":{"loc":{"start":{"line":75,"column":8},"end":{"line":79,"column":null}},"type":"if","locations":[{"start":{"line":75,"column":8},"end":{"line":79,"column":null}},{"start":{"line":77,"column":15},"end":{"line":79,"column":null}}]},"3":{"loc":{"start":{"line":86,"column":4},"end":{"line":90,"column":null}},"type":"if","locations":[{"start":{"line":86,"column":4},"end":{"line":90,"column":null}},{"start":{"line":88,"column":11},"end":{"line":90,"column":null}}]}},"s":{"0":1,"1":1,"2":1,"3":1,"4":1,"5":1,"6":1,"7":1,"8":1,"9":1,"10":0,"11":0,"12":0,"13":0,"14":1,"15":0,"16":0,"17":0,"18":0,"19":0,"20":0,"21":0,"22":0,"23":0,"24":1,"25":0,"26":0,"27":0,"28":0,"29":0,"30":1,"31":0,"32":0,"33":0,"34":0,"35":0,"36":0,"37":0,"38":0,"39":0,"40":1,"41":0,"42":0,"43":0,"44":0,"45":0},"f":{"0":0,"1":0,"2":0,"3":0,"4":0,"5":0,"6":0,"7":0,"8":0,"9":0},"b":{"0":[0,0],"1":[0,0],"2":[0,0],"3":[0,0]}}
,"/Users/nazimmammadov/WebstormProjects/blog-post/src/routes/user-router.ts": {"path":"/Users/nazimmammadov/WebstormProjects/blog-post/src/routes/user-router.ts","statementMap":{"0":{"start":{"line":1,"column":0},"end":{"line":1,"column":49}},"1":{"start":{"line":2,"column":0},"end":{"line":2,"column":67}},"2":{"start":{"line":3,"column":0},"end":{"line":3,"column":69}},"3":{"start":{"line":4,"column":0},"end":{"line":4,"column":51}},"4":{"start":{"line":5,"column":0},"end":{"line":5,"column":81}},"5":{"start":{"line":6,"column":0},"end":{"line":6,"column":85}},"6":{"start":{"line":7,"column":0},"end":{"line":7,"column":68}},"7":{"start":{"line":9,"column":13},"end":{"line":9,"column":null}},"8":{"start":{"line":11,"column":0},"end":{"line":21,"column":null}},"9":{"start":{"line":11,"column":82},"end":{"line":21,"column":2}},"10":{"start":{"line":13,"column":83},"end":{"line":13,"column":113}},"11":{"start":{"line":15,"column":21},"end":{"line":15,"column":124}},"12":{"start":{"line":17,"column":7},"end":{"line":17,"column":null}},"13":{"start":{"line":23,"column":0},"end":{"line":35,"column":null}},"14":{"start":{"line":23,"column":130},"end":{"line":35,"column":2}},"15":{"start":{"line":25,"column":14},"end":{"line":25,"column":28}},"16":{"start":{"line":26,"column":21},"end":{"line":26,"column":38}},"17":{"start":{"line":27,"column":18},"end":{"line":27,"column":32}},"18":{"start":{"line":29,"column":20},"end":{"line":29,"column":73}},"19":{"start":{"line":30,"column":4},"end":{"line":32,"column":null}},"20":{"start":{"line":31,"column":8},"end":{"line":31,"column":null}},"21":{"start":{"line":37,"column":0},"end":{"line":52,"column":null}},"22":{"start":{"line":37,"column":88},"end":{"line":52,"column":2}},"23":{"start":{"line":39,"column":15},"end":{"line":39,"column":28}},"24":{"start":{"line":41,"column":23},"end":{"line":41,"column":55}},"25":{"start":{"line":43,"column":4},"end":{"line":48,"column":null}},"26":{"start":{"line":45,"column":8},"end":{"line":45,"column":null}},"27":{"start":{"line":47,"column":8},"end":{"line":47,"column":null}}},"fnMap":{"0":{"name":"(anonymous_7)","decl":{"start":{"line":11,"column":48},"end":{"line":11,"column":55}},"loc":{"start":{"line":11,"column":82},"end":{"line":21,"column":2}}},"1":{"name":"(anonymous_8)","decl":{"start":{"line":11,"column":82},"end":{"line":11,"column":null}},"loc":{"start":{"line":11,"column":82},"end":{"line":21,"column":1}}},"2":{"name":"(anonymous_9)","decl":{"start":{"line":23,"column":96},"end":{"line":23,"column":103}},"loc":{"start":{"line":23,"column":130},"end":{"line":35,"column":2}}},"3":{"name":"(anonymous_10)","decl":{"start":{"line":23,"column":130},"end":{"line":23,"column":null}},"loc":{"start":{"line":23,"column":130},"end":{"line":35,"column":1}}},"4":{"name":"(anonymous_11)","decl":{"start":{"line":37,"column":54},"end":{"line":37,"column":61}},"loc":{"start":{"line":37,"column":88},"end":{"line":52,"column":2}}},"5":{"name":"(anonymous_12)","decl":{"start":{"line":37,"column":88},"end":{"line":37,"column":null}},"loc":{"start":{"line":37,"column":88},"end":{"line":52,"column":1}}}},"branchMap":{"0":{"loc":{"start":{"line":30,"column":4},"end":{"line":32,"column":null}},"type":"if","locations":[{"start":{"line":30,"column":4},"end":{"line":32,"column":null}}]},"1":{"loc":{"start":{"line":43,"column":4},"end":{"line":48,"column":null}},"type":"if","locations":[{"start":{"line":43,"column":4},"end":{"line":48,"column":null}},{"start":{"line":46,"column":9},"end":{"line":48,"column":null}}]}},"s":{"0":1,"1":1,"2":1,"3":1,"4":1,"5":1,"6":1,"7":1,"8":1,"9":0,"10":0,"11":0,"12":0,"13":1,"14":0,"15":0,"16":0,"17":0,"18":0,"19":0,"20":0,"21":1,"22":0,"23":0,"24":0,"25":0,"26":0,"27":0},"f":{"0":0,"1":0,"2":0,"3":0,"4":0,"5":0},"b":{"0":[0],"1":[0,0]}}
,"/Users/nazimmammadov/WebstormProjects/blog-post/src/validations/auth-validations.ts": {"path":"/Users/nazimmammadov/WebstormProjects/blog-post/src/validations/auth-validations.ts","statementMap":{"0":{"start":{"line":1,"column":0},"end":{"line":1,"column":39}},"1":{"start":{"line":3,"column":13},"end":{"line":3,"column":null}},"2":{"start":{"line":4,"column":13},"end":{"line":4,"column":null}},"3":{"start":{"line":6,"column":13},"end":{"line":6,"column":null}}},"fnMap":{},"branchMap":{},"s":{"0":1,"1":1,"2":1,"3":1},"f":{},"b":{}}
,"/Users/nazimmammadov/WebstormProjects/blog-post/src/validations/blog-validations.ts": {"path":"/Users/nazimmammadov/WebstormProjects/blog-post/src/validations/blog-validations.ts","statementMap":{"0":{"start":{"line":1,"column":0},"end":{"line":1,"column":53}},"1":{"start":{"line":5,"column":13},"end":{"line":5,"column":null}},"2":{"start":{"line":6,"column":13},"end":{"line":6,"column":null}},"3":{"start":{"line":7,"column":13},"end":{"line":7,"column":null}},"4":{"start":{"line":9,"column":13},"end":{"line":9,"column":null}},"5":{"start":{"line":10,"column":13},"end":{"line":10,"column":null}},"6":{"start":{"line":11,"column":13},"end":{"line":11,"column":null}},"7":{"start":{"line":12,"column":13},"end":{"line":12,"column":null}},"8":{"start":{"line":13,"column":13},"end":{"line":13,"column":null}},"9":{"start":{"line":15,"column":13},"end":{"line":15,"column":null}},"10":{"start":{"line":17,"column":13},"end":{"line":17,"column":null}},"11":{"start":{"line":18,"column":13},"end":{"line":18,"column":null}},"12":{"start":{"line":19,"column":13},"end":{"line":19,"column":null}},"13":{"start":{"line":21,"column":13},"end":{"line":21,"column":null}}},"fnMap":{},"branchMap":{},"s":{"0":1,"1":1,"2":1,"3":1,"4":1,"5":1,"6":1,"7":1,"8":1,"9":1,"10":1,"11":1,"12":1,"13":1},"f":{},"b":{}}
,"/Users/nazimmammadov/WebstormProjects/blog-post/src/validations/post-validations.ts": {"path":"/Users/nazimmammadov/WebstormProjects/blog-post/src/validations/post-validations.ts","statementMap":{"0":{"start":{"line":1,"column":0},"end":{"line":1,"column":39}},"1":{"start":{"line":2,"column":0},"end":{"line":2,"column":41}},"2":{"start":{"line":3,"column":0},"end":{"line":3,"column":33}},"3":{"start":{"line":5,"column":13},"end":{"line":5,"column":null}},"4":{"start":{"line":6,"column":13},"end":{"line":6,"column":null}},"5":{"start":{"line":7,"column":13},"end":{"line":7,"column":null}},"6":{"start":{"line":8,"column":13},"end":{"line":17,"column":null}},"7":{"start":{"line":8,"column":97},"end":{"line":17,"column":2}},"8":{"start":{"line":9,"column":17},"end":{"line":9,"column":74}},"9":{"start":{"line":10,"column":4},"end":{"line":14,"column":null}},"10":{"start":{"line":11,"column":8},"end":{"line":11,"column":null}},"11":{"start":{"line":13,"column":8},"end":{"line":13,"column":null}}},"fnMap":{"0":{"name":"(anonymous_7)","decl":{"start":{"line":8,"column":83},"end":{"line":8,"column":89}},"loc":{"start":{"line":8,"column":97},"end":{"line":17,"column":2}}},"1":{"name":"(anonymous_8)","decl":{"start":{"line":8,"column":97},"end":{"line":8,"column":null}},"loc":{"start":{"line":8,"column":97},"end":{"line":17,"column":1}}}},"branchMap":{"0":{"loc":{"start":{"line":10,"column":4},"end":{"line":14,"column":null}},"type":"if","locations":[{"start":{"line":10,"column":4},"end":{"line":14,"column":null}},{"start":{"line":12,"column":9},"end":{"line":14,"column":null}}]}},"s":{"0":1,"1":1,"2":1,"3":1,"4":1,"5":1,"6":1,"7":0,"8":0,"9":0,"10":0,"11":0},"f":{"0":0,"1":0},"b":{"0":[0,0]}}
,"/Users/nazimmammadov/WebstormProjects/blog-post/src/validations/user-validations.ts": {"path":"/Users/nazimmammadov/WebstormProjects/blog-post/src/validations/user-validations.ts","statementMap":{"0":{"start":{"line":1,"column":0},"end":{"line":1,"column":39}},"1":{"start":{"line":3,"column":13},"end":{"line":3,"column":null}},"2":{"start":{"line":4,"column":13},"end":{"line":4,"column":null}},"3":{"start":{"line":5,"column":13},"end":{"line":5,"column":null}},"4":{"start":{"line":7,"column":13},"end":{"line":7,"column":null}}},"fnMap":{},"branchMap":{},"s":{"0":1,"1":1,"2":1,"3":1,"4":1},"f":{},"b":{}}
}
