TN:
SF:_tests_/e2e/test-functions.ts
FN:8,(anonymous_8)
FN:23,(anonymous_10)
FN:37,(anonymous_12)
FN:50,(anonymous_14)
FNF:4
FNH:1
FNDA:11,(anonymous_8)
FNDA:0,(anonymous_10)
FNDA:0,(anonymous_12)
FNDA:0,(anonymous_14)
DA:1,1
DA:2,1
DA:4,1
DA:6,1
DA:10,11
DA:25,0
DA:38,0
DA:51,0
LF:8
LH:5
BRF:0
BRH:0
end_of_record
TN:
SF:src/index.ts
FN:26,(anonymous_8)
FN:26,(anonymous_9)
FN:30,(anonymous_10)
FNF:3
FNH:3
FNDA:1,(anonymous_8)
FNDA:1,(anonymous_9)
FNDA:1,(anonymous_10)
DA:1,1
DA:2,1
DA:3,1
DA:4,1
DA:5,1
DA:6,1
DA:7,1
DA:9,1
DA:14,1
DA:16,1
DA:18,1
DA:19,1
DA:20,1
DA:21,1
DA:22,1
DA:26,1
DA:28,1
DA:30,1
DA:31,1
DA:35,1
LF:20
LH:20
BRDA:16,0,0,1
BRDA:16,0,1,1
BRF:2
BRH:2
end_of_record
TN:
SF:src/db/db.ts
FN:23,runDb
FNF:1
FNH:1
FNDA:1,runDb
DA:1,1
DA:4,1
DA:6,1
DA:8,1
DA:10,1
DA:12,1
DA:13,0
DA:15,1
DA:17,1
DA:19,1
DA:20,1
DA:21,1
DA:23,1
DA:25,1
DA:26,1
DA:27,1
DA:28,1
DA:31,0
DA:32,0
LF:19
LH:16
BRDA:12,0,0,0
BRF:1
BRH:0
end_of_record
TN:
SF:src/domain/blog-service.ts
FN:12,(anonymous_7)
FN:35,(anonymous_9)
FN:42,(anonymous_11)
FN:49,(anonymous_13)
FN:55,(anonymous_15)
FNF:5
FNH:2
FNDA:1,(anonymous_7)
FNDA:0,(anonymous_9)
FNDA:0,(anonymous_11)
FNDA:2,(anonymous_13)
FNDA:0,(anonymous_15)
DA:2,1
DA:5,1
DA:10,1
DA:14,1
DA:25,1
DA:28,1
DA:37,0
DA:39,0
DA:44,0
DA:45,0
DA:50,2
DA:51,2
DA:56,0
DA:58,0
LF:14
LH:8
BRF:0
BRH:0
end_of_record
TN:
SF:src/domain/posts-service.ts
FN:12,(anonymous_7)
FN:34,(anonymous_9)
FN:57,(anonymous_11)
FN:62,(anonymous_13)
FN:68,(anonymous_15)
FN:76,(anonymous_17)
FNF:6
FNH:0
FNDA:0,(anonymous_7)
FNDA:0,(anonymous_9)
FNDA:0,(anonymous_11)
FNDA:0,(anonymous_13)
FNDA:0,(anonymous_15)
FNDA:0,(anonymous_17)
DA:1,1
DA:4,1
DA:5,1
DA:10,1
DA:14,0
DA:15,0
DA:17,0
DA:28,0
DA:30,0
DA:36,0
DA:38,0
DA:40,0
DA:51,0
DA:53,0
DA:58,0
DA:59,0
DA:63,0
DA:64,0
DA:70,0
DA:73,0
DA:77,0
DA:78,0
LF:22
LH:4
BRDA:15,0,0,0
BRDA:38,1,0,0
BRF:2
BRH:0
end_of_record
TN:
SF:src/domain/user-service.ts
FN:10,(anonymous_8)
FN:28,(anonymous_10)
FN:35,(anonymous_12)
FN:39,(anonymous_14)
FNF:4
FNH:0
FNDA:0,(anonymous_8)
FNDA:0,(anonymous_10)
FNDA:0,(anonymous_12)
FNDA:0,(anonymous_14)
DA:1,1
DA:2,1
DA:3,1
DA:8,1
DA:12,0
DA:13,0
DA:15,0
DA:25,0
DA:30,0
DA:32,0
DA:36,0
DA:41,0
DA:43,0
DA:44,0
DA:46,0
DA:48,0
DA:50,0
DA:52,0
LF:18
LH:4
BRDA:43,0,0,0
BRDA:48,1,0,0
BRF:2
BRH:0
end_of_record
TN:
SF:src/functions/pagination-values.ts
FN:1,(anonymous_0)
FNF:1
FNH:1
FNDA:12,(anonymous_0)
DA:1,1
DA:2,12
LF:2
LH:2
BRDA:3,0,0,0
BRDA:3,0,1,12
BRDA:3,1,0,12
BRDA:3,1,1,12
BRDA:4,2,0,0
BRDA:4,2,1,12
BRDA:4,3,0,12
BRDA:4,3,1,12
BRDA:5,4,0,0
BRDA:5,4,1,12
BRDA:5,5,0,12
BRDA:5,5,1,12
BRDA:6,6,0,12
BRDA:6,6,1,0
BRDA:7,7,0,12
BRDA:7,7,1,0
BRDA:8,8,0,0
BRDA:8,8,1,12
BRDA:8,9,0,12
BRDA:8,9,1,12
BRDA:9,10,0,0
BRDA:9,10,1,12
BRDA:9,11,0,12
BRDA:9,11,1,12
BRF:24
BRH:17
end_of_record
TN:
SF:src/mapping/blog-mapping.ts
FN:4,(anonymous_0)
FN:5,(anonymous_1)
FNF:2
FNH:2
FNDA:12,(anonymous_0)
FNDA:11,(anonymous_1)
DA:4,1
DA:5,12
DA:6,11
LF:3
LH:3
BRF:0
BRH:0
end_of_record
TN:
SF:src/mapping/post-mapping.ts
FN:4,(anonymous_0)
FN:5,(anonymous_1)
FNF:2
FNH:0
FNDA:0,(anonymous_0)
FNDA:0,(anonymous_1)
DA:4,1
DA:5,0
DA:7,0
LF:3
LH:1
BRF:0
BRH:0
end_of_record
TN:
SF:src/mapping/user-mapping.ts
FN:4,(anonymous_0)
FN:5,(anonymous_1)
FNF:2
FNH:0
FNDA:0,(anonymous_0)
FNDA:0,(anonymous_1)
DA:4,1
DA:5,0
DA:7,0
LF:3
LH:1
BRF:0
BRH:0
end_of_record
TN:
SF:src/middlewares/base-auth-middlewares.ts
FN:3,(anonymous_0)
FNF:1
FNH:1
FNDA:22,(anonymous_0)
DA:3,1
DA:5,22
DA:7,22
DA:9,22
DA:10,0
DA:12,22
LF:6
LH:5
BRDA:9,0,0,0
BRDA:9,0,1,22
BRF:2
BRH:1
end_of_record
TN:
SF:src/middlewares/input-validation-middleware.ts
FN:4,(anonymous_0)
FN:9,(anonymous_1)
FNF:2
FNH:2
FNDA:22,(anonymous_0)
FNDA:22,(anonymous_1)
DA:2,1
DA:4,1
DA:6,22
DA:7,22
DA:9,22
DA:14,19
DA:16,3
LF:7
LH:7
BRDA:7,0,0,19
BRDA:7,0,1,3
BRF:2
BRH:2
end_of_record
TN:
SF:src/query-repositories/blog-query-repo.ts
FN:14,(anonymous_7)
FN:31,(anonymous_9)
FNF:2
FNH:2
FNDA:11,(anonymous_7)
FNDA:12,(anonymous_9)
DA:1,1
DA:3,1
DA:4,1
DA:12,1
DA:16,11
DA:17,11
DA:18,11
DA:27,0
DA:36,12
DA:37,12
DA:38,12
DA:39,12
DA:41,12
DA:47,12
DA:48,12
LF:15
LH:14
BRDA:17,0,0,11
BRDA:17,0,1,0
BRDA:32,1,0,0
BRDA:32,2,0,0
BRDA:33,3,0,0
BRDA:33,4,0,0
BRDA:36,5,0,12
BRDA:36,5,1,0
BRDA:36,6,0,12
BRDA:36,6,1,12
BRDA:42,7,0,0
BRDA:42,7,1,12
BRF:12
BRH:5
end_of_record
TN:
SF:src/query-repositories/posts-query-repo.ts
FN:12,(anonymous_7)
FN:29,(anonymous_9)
FN:52,(anonymous_11)
FNF:3
FNH:0
FNDA:0,(anonymous_7)
FNDA:0,(anonymous_9)
FNDA:0,(anonymous_11)
DA:1,1
DA:2,1
DA:6,1
DA:9,1
DA:13,0
DA:14,0
DA:15,0
DA:25,0
DA:31,0
DA:32,0
DA:33,0
DA:35,0
DA:41,0
DA:43,0
DA:56,0
DA:57,0
DA:59,0
DA:62,0
DA:69,0
DA:71,0
DA:75,0
LF:21
LH:4
BRDA:14,0,0,0
BRDA:14,0,1,0
BRDA:36,1,0,0
BRDA:36,1,1,0
BRDA:63,2,0,0
BRDA:63,2,1,0
BRDA:69,3,0,0
BRF:7
BRH:0
end_of_record
TN:
SF:src/query-repositories/user-query-repo.ts
FN:7,(anonymous_7)
FNF:1
FNH:0
FNDA:0,(anonymous_7)
DA:1,1
DA:4,1
DA:6,1
DA:9,0
DA:10,0
DA:16,0
DA:17,0
DA:18,0
DA:20,0
DA:26,0
DA:28,0
DA:30,0
LF:12
LH:3
BRDA:12,0,0,0
BRDA:12,0,1,0
BRDA:12,1,0,0
BRDA:12,1,1,0
BRDA:13,2,0,0
BRDA:13,2,1,0
BRDA:13,3,0,0
BRDA:13,3,1,0
BRDA:21,4,0,0
BRDA:21,4,1,0
BRF:10
BRH:0
end_of_record
TN:
SF:src/repositories/blog-in-db-repository.ts
FN:11,(anonymous_7)
FN:28,(anonymous_9)
FN:35,(anonymous_11)
FN:55,(anonymous_13)
FN:71,(anonymous_15)
FNF:5
FNH:2
FNDA:1,(anonymous_7)
FNDA:0,(anonymous_9)
FNDA:0,(anonymous_11)
FNDA:2,(anonymous_13)
FNDA:0,(anonymous_15)
DA:1,1
DA:2,1
DA:3,1
DA:9,1
DA:14,1
DA:17,1
DA:30,0
DA:32,0
DA:36,0
DA:37,0
DA:38,0
DA:39,0
DA:48,0
DA:51,0
DA:57,2
DA:58,2
DA:61,1
DA:65,1
DA:72,0
DA:74,0
LF:20
LH:10
BRDA:38,0,0,0
BRDA:38,0,1,0
BRF:2
BRH:0
end_of_record
TN:
SF:src/repositories/post-in-db-repository.ts
FN:12,(anonymous_7)
FN:29,(anonymous_9)
FN:48,(anonymous_11)
FN:53,(anonymous_13)
FN:70,(anonymous_15)
FN:82,(anonymous_17)
FNF:6
FNH:0
FNDA:0,(anonymous_7)
FNDA:0,(anonymous_9)
FNDA:0,(anonymous_11)
FNDA:0,(anonymous_13)
FNDA:0,(anonymous_15)
FNDA:0,(anonymous_17)
DA:1,1
DA:2,1
DA:5,1
DA:10,1
DA:15,0
DA:17,0
DA:32,0
DA:35,0
DA:49,0
DA:50,0
DA:54,0
DA:55,0
DA:56,0
DA:66,0
DA:72,0
DA:79,0
DA:83,0
DA:84,0
LF:18
LH:4
BRDA:55,0,0,0
BRDA:55,0,1,0
BRF:2
BRH:0
end_of_record
TN:
SF:src/repositories/user-in-db-memory.ts
FN:8,(anonymous_7)
FN:23,(anonymous_9)
FN:28,(anonymous_11)
FNF:3
FNH:0
FNDA:0,(anonymous_7)
FNDA:0,(anonymous_9)
FNDA:0,(anonymous_11)
DA:1,1
DA:5,1
DA:7,1
DA:10,0
DA:12,0
DA:24,0
DA:25,0
DA:29,0
DA:30,0
DA:31,0
LF:10
LH:3
BRF:0
BRH:0
end_of_record
TN:
SF:src/routes/auth-routes.ts
FN:8,(anonymous_7)
FN:8,(anonymous_8)
FNF:2
FNH:0
FNDA:0,(anonymous_7)
FNDA:0,(anonymous_8)
DA:1,1
DA:2,1
DA:3,1
DA:4,1
DA:6,1
DA:8,1
DA:11,0
DA:15,0
DA:17,0
DA:19,0
DA:22,0
LF:11
LH:6
BRDA:17,0,0,0
BRDA:17,0,1,0
BRF:2
BRH:0
end_of_record
TN:
SF:src/routes/blog-routes.ts
FN:26,(anonymous_7)
FN:26,(anonymous_8)
FN:42,(anonymous_9)
FN:42,(anonymous_10)
FN:60,(anonymous_11)
FN:60,(anonymous_12)
FN:74,(anonymous_13)
FN:74,(anonymous_14)
FN:92,(anonymous_15)
FN:92,(anonymous_16)
FN:105,(anonymous_17)
FN:105,(anonymous_18)
FN:123,(anonymous_19)
FN:123,(anonymous_20)
FNF:14
FNH:8
FNDA:12,(anonymous_7)
FNDA:12,(anonymous_8)
FNDA:0,(anonymous_9)
FNDA:0,(anonymous_10)
FNDA:1,(anonymous_11)
FNDA:1,(anonymous_12)
FNDA:0,(anonymous_13)
FNDA:0,(anonymous_14)
FNDA:11,(anonymous_15)
FNDA:11,(anonymous_16)
FNDA:2,(anonymous_17)
FNDA:2,(anonymous_18)
FNDA:0,(anonymous_19)
FNDA:0,(anonymous_20)
DA:1,1
DA:2,1
DA:3,1
DA:4,1
DA:10,1
DA:11,1
DA:13,1
DA:15,1
DA:17,1
DA:20,1
DA:22,1
DA:26,12
DA:33,12
DA:36,12
DA:39,12
DA:42,1
DA:44,0
DA:46,0
DA:47,0
DA:50,0
DA:51,0
DA:53,0
DA:59,1
DA:60,1
DA:62,1
DA:63,1
DA:64,1
DA:66,1
DA:68,1
DA:69,1
DA:73,1
DA:74,0
DA:76,0
DA:77,0
DA:78,0
DA:79,0
DA:81,0
DA:83,0
DA:84,0
DA:86,0
DA:92,11
DA:94,11
DA:96,11
DA:97,11
DA:99,0
DA:104,1
DA:105,2
DA:108,2
DA:109,2
DA:110,2
DA:112,2
DA:114,2
DA:115,1
DA:117,1
DA:123,1
DA:125,0
DA:127,0
DA:128,0
DA:130,0
LF:59
LH:39
BRDA:50,0,0,0
BRDA:50,0,1,0
BRDA:68,1,0,1
BRDA:83,2,0,0
BRDA:83,2,1,0
BRDA:96,3,0,11
BRDA:96,3,1,0
BRDA:114,4,0,1
BRDA:114,4,1,1
BRDA:127,5,0,0
BRDA:127,5,1,0
BRF:11
BRH:4
end_of_record
TN:
SF:src/routes/delete-routes.ts
FN:7,(anonymous_7)
FN:7,(anonymous_8)
FNF:2
FNH:2
FNDA:1,(anonymous_7)
FNDA:1,(anonymous_8)
DA:1,1
DA:2,1
DA:5,1
DA:7,1
DA:8,1
DA:9,1
DA:10,1
DA:11,1
LF:8
LH:8
BRF:0
BRH:0
end_of_record
TN:
SF:src/routes/post-routes.ts
FN:22,(anonymous_7)
FN:22,(anonymous_8)
FN:32,(anonymous_9)
FN:32,(anonymous_10)
FN:51,(anonymous_11)
FN:51,(anonymous_12)
FN:65,(anonymous_13)
FN:65,(anonymous_14)
FN:82,(anonymous_15)
FN:82,(anonymous_16)
FNF:10
FNH:0
FNDA:0,(anonymous_7)
FNDA:0,(anonymous_8)
FNDA:0,(anonymous_9)
FNDA:0,(anonymous_10)
FNDA:0,(anonymous_11)
FNDA:0,(anonymous_12)
FNDA:0,(anonymous_13)
FNDA:0,(anonymous_14)
FNDA:0,(anonymous_15)
FNDA:0,(anonymous_16)
DA:1,1
DA:2,1
DA:3,1
DA:4,1
DA:11,1
DA:12,1
DA:13,1
DA:17,1
DA:20,1
DA:22,1
DA:24,0
DA:26,0
DA:28,0
DA:31,1
DA:32,0
DA:34,0
DA:35,0
DA:36,0
DA:37,0
DA:40,0
DA:41,0
DA:42,0
DA:45,0
DA:51,1
DA:53,0
DA:55,0
DA:56,0
DA:58,0
DA:64,1
DA:65,0
DA:68,0
DA:69,0
DA:70,0
DA:71,0
DA:73,0
DA:75,0
DA:76,0
DA:78,0
DA:82,1
DA:84,0
DA:86,0
DA:87,0
DA:89,0
LF:43
LH:14
BRDA:41,0,0,0
BRDA:41,0,1,0
BRDA:55,1,0,0
BRDA:55,1,1,0
BRDA:75,2,0,0
BRDA:75,2,1,0
BRDA:86,3,0,0
BRDA:86,3,1,0
BRF:8
BRH:0
end_of_record
TN:
SF:src/routes/user-router.ts
FN:11,(anonymous_7)
FN:11,(anonymous_8)
FN:23,(anonymous_9)
FN:23,(anonymous_10)
FN:37,(anonymous_11)
FN:37,(anonymous_12)
FNF:6
FNH:0
FNDA:0,(anonymous_7)
FNDA:0,(anonymous_8)
FNDA:0,(anonymous_9)
FNDA:0,(anonymous_10)
FNDA:0,(anonymous_11)
FNDA:0,(anonymous_12)
DA:1,1
DA:2,1
DA:3,1
DA:4,1
DA:5,1
DA:6,1
DA:7,1
DA:9,1
DA:11,1
DA:13,0
DA:15,0
DA:17,0
DA:23,1
DA:25,0
DA:26,0
DA:27,0
DA:29,0
DA:30,0
DA:31,0
DA:37,1
DA:39,0
DA:41,0
DA:43,0
DA:45,0
DA:47,0
LF:25
LH:11
BRDA:30,0,0,0
BRDA:43,1,0,0
BRDA:43,1,1,0
BRF:3
BRH:0
end_of_record
TN:
SF:src/validations/auth-validations.ts
FNF:0
FNH:0
DA:1,1
DA:3,1
DA:4,1
DA:6,1
LF:4
LH:4
BRF:0
BRH:0
end_of_record
TN:
SF:src/validations/blog-validations.ts
FNF:0
FNH:0
DA:1,1
DA:5,1
DA:6,1
DA:7,1
DA:9,1
DA:10,1
DA:11,1
DA:12,1
DA:13,1
DA:15,1
DA:17,1
DA:18,1
DA:19,1
DA:21,1
LF:14
LH:14
BRF:0
BRH:0
end_of_record
TN:
SF:src/validations/post-validations.ts
FN:8,(anonymous_7)
FN:8,(anonymous_8)
FNF:2
FNH:0
FNDA:0,(anonymous_7)
FNDA:0,(anonymous_8)
DA:1,1
DA:2,1
DA:3,1
DA:5,1
DA:6,1
DA:7,1
DA:8,1
DA:9,0
DA:10,0
DA:11,0
DA:13,0
LF:11
LH:7
BRDA:10,0,0,0
BRDA:10,0,1,0
BRF:2
BRH:0
end_of_record
TN:
SF:src/validations/user-validations.ts
FNF:0
FNH:0
DA:1,1
DA:3,1
DA:4,1
DA:5,1
DA:7,1
LF:5
LH:5
BRF:0
BRH:0
end_of_record
